<?xml version="1.0" encoding="UTF-8"?>
<!-- Generated by org.testng.reporters.JUnitXMLReporter -->
<testsuite ignored="0" hostname="DESKTOP-IRSR8MK" failures="0" tests="4" name="Default test" time="29.156" errors="0" timestamp="2025-08-13T18:21:32 IST">
  <testcase classname="seleniumSample.NewTab" name="main" time="7.953"/>
  <testcase classname="seleniumSample.Notifications" name="main" time="5.161"/>
  <testcase classname="seleniumSample.NewWindow" name="main" time="10.527"/>
  <testcase classname="seleniumSample.Incognito" name="main" time="5.148"/>
</testsuite> <!-- Default test -->
