<?xml version="1.0" encoding="UTF-8"?>
<!-- Generated by org.testng.reporters.JUnitXMLReporter -->
<testsuite ignored="1" hostname="DESKTOP-IRSR8MK" failures="1" tests="3" name="FB_Test" time="5.733" errors="0" timestamp="2025-08-12T17:31:13 IST">
  <testcase classname="com.testng.basics.FaceBook" name="verifyUrl" time="0.018"/>
  <testcase classname="com.testng.basics.FaceBook" name="verifyLinks" time="0.019">
    <failure type="org.testng.internal.thread.ThreadTimeoutException" message="Method com.testng.basics.FaceBook.verifyLinks() didn&amp;apos;t finish within the time-out 10">
      <![CDATA[org.testng.internal.thread.ThreadTimeoutException: Method com.testng.basics.FaceBook.verifyLinks() didn't finish within the time-out 10
at java.base/java.util.ArrayList.forEach(ArrayList.java:1596)
... Removed 24 stack frames]]>
    </failure>
  </testcase> <!-- verifyLinks -->
  <testcase classname="com.testng.basics.FaceBook" name="verifyLinksCount" time="0.0">
    <skipped/>
  </testcase> <!-- verifyLinksCount -->
  <testcase classname="com.testng.basics.FaceBook" name="verifyTitle" time="0.0">
    <ignored/>
  </testcase> <!-- verifyTitle -->
</testsuite> <!-- FB_Test -->
