<?xml version="1.0" encoding="UTF-8"?>
<testng-results ignored="0" total="1" passed="1" failed="0" skipped="0">
  <reporter-output>
  </reporter-output>
  <suite started-at="2025-08-29T17:40:10 IST" name="Default suite" finished-at="2025-08-29T17:40:18 IST" duration-ms="8233">
    <groups>
    </groups>
    <test started-at="2025-08-29T17:40:10 IST" name="Default test" finished-at="2025-08-29T17:40:18 IST" duration-ms="8233">
      <class name="com.testng.task.TaskOrangeHRM">
        <test-method is-config="true" signature="setUp()[pri:0, instance:com.testng.task.TaskOrangeHRM@245b4bdc]" started-at="2025-08-29T17:40:10 IST" name="setUp" finished-at="2025-08-29T17:40:15 IST" duration-ms="5597" status="PASS">
          <reporter-output>
          </reporter-output>
        </test-method> <!-- setUp -->
        <test-method signature="verifyLogin()[pri:0, instance:com.testng.task.TaskOrangeHRM@245b4bdc]" started-at="2025-08-29T17:40:15 IST" name="verifyLogin" finished-at="2025-08-29T17:40:18 IST" duration-ms="2593" status="PASS">
          <reporter-output>
          </reporter-output>
        </test-method> <!-- verifyLogin -->
      </class> <!-- com.testng.task.TaskOrangeHRM -->
    </test> <!-- Default test -->
  </suite> <!-- Default suite -->
</testng-results>
