<?xml version="1.0" encoding="UTF-8"?>
<!-- Generated by org.testng.reporters.JUnitXMLReporter -->
<testsuite ignored="0" hostname="DESKTOP-IRSR8MK" failures="0" tests="5" name="Test" time="6.448" errors="0" timestamp="2025-08-14T17:52:00 IST">
  <testcase classname="com.testng.basics.Groups" name="verifyTitle" time="0.019"/>
  <testcase classname="com.testng.basics.Groups" name="verifyUrl" time="0.014"/>
  <testcase classname="com.testng.basics.Groups" name="verifyLinks" time="1.55"/>
  <testcase classname="com.testng.basics.Groups" name="verifyLinksCount" time="0.022"/>
  <testcase classname="com.testng.basics.Groups" name="verifyLogin" time="0.179"/>
</testsuite> <!-- Test -->
